<?xml version="1.0" encoding="UTF-8"?>
<testsuite xmlns:xsi="http://www.w3.org/2001/XMLSchema-instance" xsi:noNamespaceSchemaLocation="https://maven.apache.org/surefire/maven-surefire-plugin/xsd/surefire-test-report-3.0.xsd" version="3.0" name="TestSuite" time="13.649" tests="1" errors="0" skipped="0" failures="0">
  <properties>
[...]
</properties>
  <testcase name="loginTest" classname="com.inetbanking.testCases.TC_LOGINPAGE_001" time="1.747">
    <system-out><![CDATA[[INFO ] 2022-03-22 07:03:17.077 [main] BaseClass - opening chrome
[DEBUG] 2022-03-22 07:03:24.474 [main] BaseClass - Sample DEBUG message
[ERROR] 2022-03-22 07:03:24.475 [main] BaseClass - Sample ERROR message
[INFO ] 2022-03-22 07:03:24.475 [main] BaseClass - Sample INFO message
[WARN ] 2022-03-22 07:03:24.476 [main] BaseClass - Sample WARN message
]]></system-out>
    <system-err><![CDATA[Starting ChromeDriver 98.0.4758.102 (273bf7ac8c909cde36982d27f66f3c70846a3718-refs/branch-heads/4758@{#1151}) on port 60147
Only local connections are allowed.
Please see https://chromedriver.chromium.org/security-considerations for suggestions on keeping ChromeDriver safe.
ChromeDriver was started successfully.
[1647943396.552][WARNING]: This version of ChromeDriver has not been tested with Chrome version 99.
Mar 22, 2022 7:03:16 AM org.openqa.selenium.remote.ProtocolHandshake createSession
INFO: Detected dialect: W3C
Mar 22, 2022 7:03:17 AM org.openqa.selenium.devtools.CdpVersionFinder findNearestMatch
WARNING: Unable to find an exact match for CDP version 99, so returning the closest version found: 97
Mar 22, 2022 7:03:17 AM org.openqa.selenium.devtools.CdpVersionFinder findNearestMatch
INFO: Found CDP implementation for version 99 of 97
]]></system-err>
  </testcase>
</testsuite>