<?xml version="1.0" encoding="UTF-8"?>
<testng-results ignored="0" total="1" passed="1" failed="0" skipped="0">
  <reporter-output>
  </reporter-output>
  <suite started-at="2022-03-22T07:03:13 ADT" name="InetBankingV1" finished-at="2022-03-22T07:03:25 ADT" duration-ms="11373">
    <groups>
    </groups>
    <test started-at="2022-03-22T07:03:13 ADT" name="BankingApp Test" finished-at="2022-03-22T07:03:25 ADT" duration-ms="11373">
      <class name="com.inetbanking.testCases.TC_LOGINPAGE_001">
        <test-method is-config="true" signature="setup(java.lang.String)[pri:0, instance:com.inetbanking.testCases.TC_LOGINPAGE_001@45fd9a4d]" started-at="2022-03-22T07:03:14 ADT" name="setup" finished-at="2022-03-22T07:03:22 ADT" duration-ms="8612" status="PASS">
          <params>
            <param index="0">
              <value>
                <![CDATA[chrome]]>
              </value>
            </param>
          </params>
          <reporter-output>
          </reporter-output>
        </test-method> <!-- setup -->
        <test-method signature="loginTest()[pri:0, instance:com.inetbanking.testCases.TC_LOGINPAGE_001@45fd9a4d]" started-at="2022-03-22T07:03:22 ADT" name="loginTest" finished-at="2022-03-22T07:03:24 ADT" duration-ms="1809" status="PASS">
          <reporter-output>
          </reporter-output>
        </test-method> <!-- loginTest -->
        <test-method is-config="true" signature="tearDown()[pri:0, instance:com.inetbanking.testCases.TC_LOGINPAGE_001@45fd9a4d]" started-at="2022-03-22T07:03:24 ADT" name="tearDown" finished-at="2022-03-22T07:03:25 ADT" duration-ms="700" status="PASS">
          <reporter-output>
          </reporter-output>
        </test-method> <!-- tearDown -->
      </class> <!-- com.inetbanking.testCases.TC_LOGINPAGE_001 -->
    </test> <!-- BankingApp Test -->
  </suite> <!-- InetBankingV1 -->
</testng-results>
