<?xml version="1.0" encoding="UTF-8"?>
<testng-results ignored="0" total="1" passed="1" failed="0" skipped="0">
  <reporter-output>
  </reporter-output>
  <suite started-at="2022-03-16T06:15:46 ADT" name="InetBankingV1" finished-at="2022-03-16T06:16:07 ADT" duration-ms="21090">
    <groups>
    </groups>
    <test started-at="2022-03-16T06:15:46 ADT" name="BankingApp Test" finished-at="2022-03-16T06:16:07 ADT" duration-ms="21090">
      <class name="com.inetbanking.testCases.TC_LOGINPAGE_001">
        <test-method is-config="true" signature="setup(java.lang.String)[pri:0, instance:com.inetbanking.testCases.TC_LOGINPAGE_001@1338fb5]" started-at="2022-03-16T06:15:47 ADT" name="setup" finished-at="2022-03-16T06:16:04 ADT" duration-ms="17786" status="PASS">
          <params>
            <param index="0">
              <value>
                <![CDATA[chrome]]>
              </value>
            </param>
          </params>
          <reporter-output>
          </reporter-output>
        </test-method> <!-- setup -->
        <test-method signature="loginTest()[pri:0, instance:com.inetbanking.testCases.TC_LOGINPAGE_001@1338fb5]" started-at="2022-03-16T06:16:04 ADT" name="loginTest" finished-at="2022-03-16T06:16:07 ADT" duration-ms="2548" status="PASS">
          <reporter-output>
          </reporter-output>
        </test-method> <!-- loginTest -->
        <test-method is-config="true" signature="tearDown()[pri:0, instance:com.inetbanking.testCases.TC_LOGINPAGE_001@1338fb5]" started-at="2022-03-16T06:16:07 ADT" name="tearDown" finished-at="2022-03-16T06:16:07 ADT" duration-ms="449" status="PASS">
          <reporter-output>
          </reporter-output>
        </test-method> <!-- tearDown -->
      </class> <!-- com.inetbanking.testCases.TC_LOGINPAGE_001 -->
    </test> <!-- BankingApp Test -->
  </suite> <!-- InetBankingV1 -->
</testng-results>
